  AActor.cpp
D:\GameFrameWorkPratice\ConsoleApplication1\UWorld.h(16,52): warning C4099: 'std::default_delete<UWorld>': 처음에는 'struct'을(를) 사용하여 형식 이름을 표시했는데 이제는 'class'을(를) 사용하여 표시합니다.
C:\Program Files (x86)\Microsoft Visual Studio\2019\Community\VC\Tools\MSVC\14.26.28801\include\memory(760): message : 'std::default_delete<UWorld>' 선언을 참조하십시오.
  AEnemy.cpp
D:\GameFrameWorkPratice\ConsoleApplication1\UWorld.h(16,52): warning C4099: 'std::default_delete<UWorld>': 처음에는 'struct'을(를) 사용하여 형식 이름을 표시했는데 이제는 'class'을(를) 사용하여 표시합니다.
C:\Program Files (x86)\Microsoft Visual Studio\2019\Community\VC\Tools\MSVC\14.26.28801\include\memory(760): message : 'std::default_delete<UWorld>' 선언을 참조하십시오.
  APlayer.cpp
D:\GameFrameWorkPratice\ConsoleApplication1\UWorld.h(16,52): warning C4099: 'std::default_delete<UWorld>': 처음에는 'struct'을(를) 사용하여 형식 이름을 표시했는데 이제는 'class'을(를) 사용하여 표시합니다.
C:\Program Files (x86)\Microsoft Visual Studio\2019\Community\VC\Tools\MSVC\14.26.28801\include\memory(760): message : 'std::default_delete<UWorld>' 선언을 참조하십시오.
  UCollision.cpp
D:\GameFrameWorkPratice\ConsoleApplication1\UWorld.h(16,52): warning C4099: 'std::default_delete<UWorld>': 처음에는 'struct'을(를) 사용하여 형식 이름을 표시했는데 이제는 'class'을(를) 사용하여 표시합니다.
C:\Program Files (x86)\Microsoft Visual Studio\2019\Community\VC\Tools\MSVC\14.26.28801\include\memory(760): message : 'std::default_delete<UWorld>' 선언을 참조하십시오.
  UObject.cpp
D:\GameFrameWorkPratice\ConsoleApplication1\UWorld.h(16,52): warning C4099: 'std::default_delete<UWorld>': 처음에는 'struct'을(를) 사용하여 형식 이름을 표시했는데 이제는 'class'을(를) 사용하여 표시합니다.
C:\Program Files (x86)\Microsoft Visual Studio\2019\Community\VC\Tools\MSVC\14.26.28801\include\memory(760): message : 'std::default_delete<UWorld>' 선언을 참조하십시오.
  wMain.cpp
D:\GameFrameWorkPratice\ConsoleApplication1\UWorld.h(16,52): warning C4099: 'std::default_delete<UWorld>': 처음에는 'struct'을(를) 사용하여 형식 이름을 표시했는데 이제는 'class'을(를) 사용하여 표시합니다.
C:\Program Files (x86)\Microsoft Visual Studio\2019\Community\VC\Tools\MSVC\14.26.28801\include\memory(760): message : 'std::default_delete<UWorld>' 선언을 참조하십시오.
  UWorld.cpp
D:\GameFrameWorkPratice\ConsoleApplication1\UWorld.h(16,52): warning C4099: 'std::default_delete<UWorld>': 처음에는 'struct'을(를) 사용하여 형식 이름을 표시했는데 이제는 'class'을(를) 사용하여 표시합니다.
C:\Program Files (x86)\Microsoft Visual Studio\2019\Community\VC\Tools\MSVC\14.26.28801\include\memory(760): message : 'std::default_delete<UWorld>' 선언을 참조하십시오.
D:\GameFrameWorkPratice\ConsoleApplication1\UWorld.h(97,1): error C2039: 'lock': 'std::_Tree_const_iterator<std::_Tree_val<std::_Tree_simple_types<std::weak_ptr<UMesh>>>>'의 멤버가 아닙니다.
C:\Program Files (x86)\Microsoft Visual Studio\2019\Community\VC\Tools\MSVC\14.26.28801\include\xtree(868): message : 'std::_Tree_const_iterator<std::_Tree_val<std::_Tree_simple_types<std::weak_ptr<UMesh>>>>' 선언을 참조하십시오.
D:\GameFrameWorkPratice\ConsoleApplication1\UWorld.h(81): message : 컴파일되는 함수 템플릿 인스턴스화 'void UWorld::GarbageObjectErase<ObjectContainType,std::_Tree_const_iterator<std::_Tree_val<std::_Tree_simple_types<std::weak_ptr<UMesh>>>>>(ObjectContainType &,ObjectType &)'에 대한 참조를 확인하세요.
          with
          [
              ObjectContainType=std::multiset<std::weak_ptr<UMesh>,std::less<std::weak_ptr<UMesh>>,std::allocator<std::weak_ptr<UMesh>>>,
              ObjectType=std::_Tree_const_iterator<std::_Tree_val<std::_Tree_simple_types<std::weak_ptr<UMesh>>>>
          ]
D:\GameFrameWorkPratice\ConsoleApplication1\UWorld.cpp(10): message : 컴파일되는 함수 템플릿 인스턴스화 'void UWorld::ObjectLogic<std::multiset<std::weak_ptr<UMesh>,std::less<std::weak_ptr<UMesh>>,std::allocator<std::weak_ptr<UMesh>>>,void(__thiscall UMesh::* )(void)>(ObjectContainType &,CallFuncType)'에 대한 참조를 확인하세요.
          with
          [
              ObjectContainType=std::multiset<std::weak_ptr<UMesh>,std::less<std::weak_ptr<UMesh>>,std::allocator<std::weak_ptr<UMesh>>>,
              CallFuncType=void (__thiscall UMesh::* )(void)
          ]
D:\GameFrameWorkPratice\ConsoleApplication1\UWorld.h(98,1): error C2039: 'lock': 'std::_Tree_const_iterator<std::_Tree_val<std::_Tree_simple_types<std::weak_ptr<UMesh>>>>'의 멤버가 아닙니다.
C:\Program Files (x86)\Microsoft Visual Studio\2019\Community\VC\Tools\MSVC\14.26.28801\include\xtree(868): message : 'std::_Tree_const_iterator<std::_Tree_val<std::_Tree_simple_types<std::weak_ptr<UMesh>>>>' 선언을 참조하십시오.
D:\GameFrameWorkPratice\ConsoleApplication1\UWorld.h(97,1): error C2039: 'lock': 'std::_Vector_iterator<std::_Vector_val<std::_Simple_types<_Ty>>>'의 멤버가 아닙니다.
          with
          [
              _Ty=std::weak_ptr<UCollision>
          ]
C:\Program Files (x86)\Microsoft Visual Studio\2019\Community\VC\Tools\MSVC\14.26.28801\include\vector(439): message : 'std::_Vector_iterator<std::_Vector_val<std::_Simple_types<_Ty>>>' 선언을 참조하십시오.
          with
          [
              _Ty=std::weak_ptr<UCollision>
          ]
D:\GameFrameWorkPratice\ConsoleApplication1\UWorld.h(81): message : 컴파일되는 함수 템플릿 인스턴스화 'void UWorld::GarbageObjectErase<ObjectContainType,std::_Vector_iterator<std::_Vector_val<std::_Simple_types<_Ty>>>>(ObjectContainType &,ObjectType &)'에 대한 참조를 확인하세요.
          with
          [
              ObjectContainType=std::vector<std::weak_ptr<UCollision>,std::allocator<std::weak_ptr<UCollision>>>,
              _Ty=std::weak_ptr<UCollision>,
              ObjectType=std::_Vector_iterator<std::_Vector_val<std::_Simple_types<std::weak_ptr<UCollision>>>>
          ]
D:\GameFrameWorkPratice\ConsoleApplication1\UWorld.cpp(62): message : 컴파일되는 함수 템플릿 인스턴스화 'void UWorld::ObjectLogic<std::vector<std::weak_ptr<UCollision>,std::allocator<std::weak_ptr<UCollision>>>,void(__thiscall UCollision::* )(void)>(ObjectContainType &,CallFuncType)'에 대한 참조를 확인하세요.
          with
          [
              ObjectContainType=std::vector<std::weak_ptr<UCollision>,std::allocator<std::weak_ptr<UCollision>>>,
              CallFuncType=void (__thiscall UCollision::* )(void)
          ]
D:\GameFrameWorkPratice\ConsoleApplication1\UWorld.h(98,1): error C2039: 'lock': 'std::_Vector_iterator<std::_Vector_val<std::_Simple_types<_Ty>>>'의 멤버가 아닙니다.
          with
          [
              _Ty=std::weak_ptr<UCollision>
          ]
C:\Program Files (x86)\Microsoft Visual Studio\2019\Community\VC\Tools\MSVC\14.26.28801\include\vector(439): message : 'std::_Vector_iterator<std::_Vector_val<std::_Simple_types<_Ty>>>' 선언을 참조하십시오.
          with
          [
              _Ty=std::weak_ptr<UCollision>
          ]
  코드를 생성하고 있습니다...
D:\GameFrameWorkPratice\ConsoleApplication1\UObject.cpp(15): warning C4715: 'UObject::IsOwner': 모든 제어 경로에서 값을 반환하지는 않습니다.
